<?xml version="1.0" encoding="UTF-8"?>
<coverage generated="1580252250236" clover="3.2.0">
  <project timestamp="1580252250236" name="All files">
    <metrics statements="21" coveredstatements="15" conditionals="0" coveredconditionals="0" methods="7" coveredmethods="3" elements="28" coveredelements="18" complexity="0" loc="21" ncloc="21" packages="2" files="2" classes="2"/>
    <package name="src">
      <metrics statements="1" coveredstatements="0" conditionals="0" coveredconditionals="0" methods="0" coveredmethods="0"/>
      <file name="index.jsx" path="/Users/kangjietan/Desktop/work/fec/BottomTopBar/react-client/src/index.jsx">
        <metrics statements="1" coveredstatements="0" conditionals="0" coveredconditionals="0" methods="0" coveredmethods="0"/>
        <line num="7" count="0" type="stmt"/>
      </file>
    </package>
    <package name="src.components">
      <metrics statements="20" coveredstatements="15" conditionals="0" coveredconditionals="0" methods="7" coveredmethods="3"/>
      <file name="App.jsx" path="/Users/kangjietan/Desktop/work/fec/BottomTopBar/react-client/src/components/App.jsx">
        <metrics statements="20" coveredstatements="15" conditionals="0" coveredconditionals="0" methods="7" coveredmethods="3"/>
        <line num="6" count="1" type="stmt"/>
        <line num="18" count="1" type="stmt"/>
        <line num="21" count="1" type="stmt"/>
        <line num="24" count="1" type="stmt"/>
        <line num="27" count="1" type="stmt"/>
        <line num="30" count="1" type="stmt"/>
        <line num="36" count="1" type="stmt"/>
        <line num="42" count="1" type="stmt"/>
        <line num="47" count="1" type="stmt"/>
        <line num="54" count="1" type="stmt"/>
        <line num="56" count="1" type="stmt"/>
        <line num="63" count="1" type="stmt"/>
        <line num="78" count="1" type="stmt"/>
        <line num="80" count="0" type="stmt"/>
        <line num="81" count="0" type="stmt"/>
        <line num="86" count="0" type="stmt"/>
        <line num="91" count="0" type="stmt"/>
        <line num="97" count="1" type="stmt"/>
        <line num="98" count="1" type="stmt"/>
        <line num="103" count="0" type="stmt"/>
      </file>
    </package>
  </project>
</coverage>
