{"/Users/kangjietan/Desktop/work/fec/BottomTopBar/react-client/src/index.jsx": {"path":"/Users/kangjietan/Desktop/work/fec/BottomTopBar/react-client/src/index.jsx","statementMap":{"0":{"start":{"line":7,"column":0},"end":{"line":7,"column":57}}},"fnMap":{},"branchMap":{},"s":{"0":0},"f":{},"b":{}}
,"/Users/kangjietan/Desktop/work/fec/BottomTopBar/react-client/src/components/App.jsx": {"path":"/Users/kangjietan/Desktop/work/fec/BottomTopBar/react-client/src/components/App.jsx","statementMap":{"0":{"start":{"line":6,"column":15},"end":{"line":16,"column":1}},"1":{"start":{"line":18,"column":13},"end":{"line":20,"column":1}},"2":{"start":{"line":21,"column":13},"end":{"line":23,"column":1}},"3":{"start":{"line":24,"column":16},"end":{"line":26,"column":1}},"4":{"start":{"line":27,"column":16},"end":{"line":29,"column":1}},"5":{"start":{"line":30,"column":15},"end":{"line":33,"column":1}},"6":{"start":{"line":36,"column":13},"end":{"line":40,"column":1}},"7":{"start":{"line":42,"column":14},"end":{"line":45,"column":1}},"8":{"start":{"line":47,"column":12},"end":{"line":50,"column":1}},"9":{"start":{"line":54,"column":4},"end":{"line":54,"column":17}},"10":{"start":{"line":56,"column":4},"end":{"line":61,"column":6}},"11":{"start":{"line":63,"column":4},"end":{"line":63,"column":53}},"12":{"start":{"line":78,"column":4},"end":{"line":87,"column":9}},"13":{"start":{"line":80,"column":8},"end":{"line":80,"column":25}},"14":{"start":{"line":81,"column":8},"end":{"line":83,"column":11}},"15":{"start":{"line":86,"column":8},"end":{"line":86,"column":25}},"16":{"start":{"line":91,"column":4},"end":{"line":93,"column":7}},"17":{"start":{"line":97,"column":24},"end":{"line":97,"column":34}},"18":{"start":{"line":98,"column":4},"end":{"line":118,"column":6}},"19":{"start":{"line":103,"column":35},"end":{"line":103,"column":59}}},"fnMap":{"0":{"name":"(anonymous_0)","decl":{"start":{"line":53,"column":2},"end":{"line":53,"column":3}},"loc":{"start":{"line":53,"column":21},"end":{"line":64,"column":3}},"line":53},"1":{"name":"(anonymous_1)","decl":{"start":{"line":70,"column":2},"end":{"line":70,"column":3}},"loc":{"start":{"line":70,"column":22},"end":{"line":88,"column":3}},"line":70},"2":{"name":"(anonymous_2)","decl":{"start":{"line":79,"column":12},"end":{"line":79,"column":13}},"loc":{"start":{"line":79,"column":21},"end":{"line":84,"column":7}},"line":79},"3":{"name":"(anonymous_3)","decl":{"start":{"line":85,"column":13},"end":{"line":85,"column":14}},"loc":{"start":{"line":85,"column":22},"end":{"line":87,"column":7}},"line":85},"4":{"name":"(anonymous_4)","decl":{"start":{"line":90,"column":2},"end":{"line":90,"column":3}},"loc":{"start":{"line":90,"column":22},"end":{"line":94,"column":3}},"line":90},"5":{"name":"(anonymous_5)","decl":{"start":{"line":96,"column":2},"end":{"line":96,"column":3}},"loc":{"start":{"line":96,"column":11},"end":{"line":119,"column":3}},"line":96},"6":{"name":"(anonymous_6)","decl":{"start":{"line":103,"column":27},"end":{"line":103,"column":28}},"loc":{"start":{"line":103,"column":33},"end":{"line":103,"column":61}},"line":103}},"branchMap":{},"s":{"0":1,"1":1,"2":1,"3":1,"4":1,"5":1,"6":1,"7":1,"8":1,"9":1,"10":1,"11":1,"12":1,"13":0,"14":0,"15":0,"16":0,"17":1,"18":1,"19":0},"f":{"0":1,"1":1,"2":0,"3":0,"4":0,"5":1,"6":0},"b":{},"_coverageSchema":"1a1c01bbd47fc00a2c39e90264f33305004495a9","hash":"21490f3a23724343417ac2fa43af39aa0047cd41"}
}
