TN:
SF:react-client/src/index.jsx
FNF:0
FNH:0
DA:7,0
LF:1
LH:0
BRF:0
BRH:0
end_of_record
TN:
SF:react-client/src/components/App.jsx
FN:53,(anonymous_0)
FN:70,(anonymous_1)
FN:79,(anonymous_2)
FN:85,(anonymous_3)
FN:90,(anonymous_4)
FN:96,(anonymous_5)
FN:103,(anonymous_6)
FNF:7
FNH:3
FNDA:1,(anonymous_0)
FNDA:1,(anonymous_1)
FNDA:0,(anonymous_2)
FNDA:0,(anonymous_3)
FNDA:0,(anonymous_4)
FNDA:1,(anonymous_5)
FNDA:0,(anonymous_6)
DA:6,1
DA:18,1
DA:21,1
DA:24,1
DA:27,1
DA:30,1
DA:36,1
DA:42,1
DA:47,1
DA:54,1
DA:56,1
DA:63,1
DA:78,1
DA:80,0
DA:81,0
DA:86,0
DA:91,0
DA:97,1
DA:98,1
DA:103,0
LF:20
LH:15
BRF:0
BRH:0
end_of_record
